<?xml version="1.0" encoding="UTF-8"?>
<testng-results skipped="0" failed="0" ignored="0" total="1" passed="1">
  <reporter-output>
  </reporter-output>
  <suite name="Default suite" duration-ms="32839" started-at="2019-12-17T10:33:14Z" finished-at="2019-12-17T10:33:47Z">
    <groups>
    </groups>
    <test name="Default test" duration-ms="32839" started-at="2019-12-17T10:33:14Z" finished-at="2019-12-17T10:33:47Z">
      <class name="git_2.git_2">
        <test-method status="PASS" signature="beforeTest()[pri:0, instance:git_2.git_2@6a4f787b]" name="beforeTest" is-config="true" duration-ms="9475" started-at="2019-12-17T10:33:14Z" finished-at="2019-12-17T10:33:23Z">
          <reporter-output>
          </reporter-output>
        </test-method> <!-- beforeTest -->
        <test-method status="PASS" signature="registration()[pri:0, instance:git_2.git_2@6a4f787b]" name="registration" duration-ms="23338" started-at="2019-12-17T10:33:23Z" finished-at="2019-12-17T10:33:47Z">
          <reporter-output>
          </reporter-output>
        </test-method> <!-- registration -->
        <test-method status="PASS" signature="afterTest()[pri:0, instance:git_2.git_2@6a4f787b]" name="afterTest" is-config="true" duration-ms="0" started-at="2019-12-17T10:33:47Z" finished-at="2019-12-17T10:33:47Z">
          <reporter-output>
          </reporter-output>
        </test-method> <!-- afterTest -->
      </class> <!-- git_2.git_2 -->
    </test> <!-- Default test -->
  </suite> <!-- Default suite -->
</testng-results>
